#
# A fatal error has been detected by the Java Runtime Environment:
#
#  EXCEPTION_ACCESS_VIOLATION (0xc0000005) at pc=0x00007ff9cbef5772, pid=10476, tid=16768
#
# JRE version: Java(TM) SE Runtime Environment (12.0.1+12) (build 12.0.1+12)
# Java VM: Java HotSpot(TM) 64-Bit Server VM (12.0.1+12, mixed mode, sharing, tiered, compressed oops, g1 gc, windows-amd64)
# Problematic frame:
# V  [jvm.dll+0x3e5772]
#
# No core dump will be written. Minidumps are not enabled by default on client versions of Windows
#
# If you would like to submit a bug report, please visit:
#   http://bugreport.java.com/bugreport/crash.jsp
#

---------------  S U M M A R Y ------------

Command Line: -ea -Didea.test.cyclic.buffer.size=1048576 -javaagent:C:\Program Files\JetBrains\IntelliJ IDEA Community Edition 2019.1.3\lib\idea_rt.jar=51888:C:\Program Files\JetBrains\IntelliJ IDEA Community Edition 2019.1.3\bin -Dfile.encoding=UTF-8 com.intellij.rt.execution.junit.JUnitStarter -ideVersion5 -junit4 MainTest

Host: Intel(R) Core(TM) i7-8550U CPU @ 1.80GHz, 8 cores, 15G,  Windows 10 , 64 bit Build 18362 (10.0.18362.1082)
Time: Wed Oct 21 08:12:30 2020 Central Daylight Time elapsed time: 2 seconds (0d 0h 0m 2s)

---------------  T H R E A D  ---------------

Current thread (0x000001927301a000):  JavaThread "JavaFX Application Thread" daemon [_thread_in_vm, id=16768, stack(0x0000000125600000,0x0000000125700000)]

Stack: [0x0000000125600000,0x0000000125700000],  sp=0x00000001256fe770,  free space=1017k
Native frames: (J=compiled Java code, j=interpreted, Vv=VM code, C=native code)
V  [jvm.dll+0x3e5772]
C  [glass.dll+0x274c]

Java frames: (J=compiled Java code, j=interpreted, Vv=VM code)
j  com.sun.glass.ui.win.WinApplication._runLoop(Ljava/lang/Runnable;)V+0
j  com.sun.glass.ui.win.WinApplication.lambda$runLoop$3(ILjava/lang/Runnable;)V+8
j  com.sun.glass.ui.win.WinApplication$$Lambda$89.run()V+12
j  java.lang.Thread.run()V+11 java.base@12.0.1
v  ~StubRoutines::call_stub

siginfo: EXCEPTION_ACCESS_VIOLATION (0xc0000005), reading address 0x0000000000000000


Register to memory mapping:

RIP=0x00007ff9cbef5772 jvm.dll
RAX=0x0 is NULL
RBX=0x000001927301a000 is a thread
RCX=0x000001927301a000 is a thread
RDX=0x0000000000000006 is an unknown value
RSP=0x00000001256fe770 is pointing into the stack for thread: 0x000001927301a000
RBP=0x0 is NULL
RSI=0x0000019272f68e00 points into unknown readable memory: 00 00 00 00 00 00 00 00
RDI=0x000001927301a000 is a thread
R8 =0x0 is NULL
R9 =0x00000001256fe888 is pointing into the stack for thread: 0x000001927301a000
R10=0x0000019273070860 points into unknown readable memory: 03 00 00 00 78 00 00 00
R11=0x00000001256fe850 is pointing into the stack for thread: 0x000001927301a000
R12=0x0 is NULL
R13=0x00000001256fe888 is pointing into the stack for thread: 0x000001927301a000
R14=0x0000019272f68e90 points into unknown readable memory: 28 a8 9b 0f 07 00 00 00
R15=0x000001927301a330 points into unknown readable memory: e0 1d 52 cc f9 7f 00 00


Registers:
RAX=0x0000000000000000, RBX=0x000001927301a000, RCX=0x000001927301a000, RDX=0x0000000000000006
RSP=0x00000001256fe770, RBP=0x0000000000000000, RSI=0x0000019272f68e00, RDI=0x000001927301a000
R8 =0x0000000000000000, R9 =0x00000001256fe888, R10=0x0000019273070860, R11=0x00000001256fe850
R12=0x0000000000000000, R13=0x00000001256fe888, R14=0x0000019272f68e90, R15=0x000001927301a330
RIP=0x00007ff9cbef5772, EFLAGS=0x0000000000010246

Top of Stack: (sp=0x00000001256fe770)
0x00000001256fe770:   000001927301a000 000001927301a000
0x00000001256fe780:   0000000000000000 00007ff9cbefee77
0x00000001256fe790:   0000f9a13f950e29 00007ff9cbc19eae
0x00000001256fe7a0:   00000001256fe850 00007ff9cc2586ff
0x00000001256fe7b0:   0000000000000000 0000019272f68e00
0x00000001256fe7c0:   000001927301a000 0000000000000000
0x00000001256fe7d0:   000001927301a000 000001927301a000
0x00000001256fe7e0:   0000000000000000 00007ffa0277a0e8
0x00000001256fe7f0:   0000000000000000 00007ffa02761505
0x00000001256fe800:   000001927301a330 0000019272f68e90
0x00000001256fe810:   0000000000000000 0000019273072d34
0x00000001256fe820:   000001927301a330 0000000000000000
0x00000001256fe830:   0000000000000000 00007ffa0275274c
0x00000001256fe840:   000001927301a330 00000001256fe9e0
0x00000001256fe850:   0000019272f68e90 0000019272f68e90
0x00000001256fe860:   0000000000000000 00007ffa02764a6e 

Instructions: (pc=0x00007ff9cbef5772)
0x00007ff9cbef5752:   06 e8 a8 0a d6 ff 48 89 7c 24 50 48 89 6c 24 58
0x00007ff9cbef5762:   48 39 6f 08 74 0a 48 8d 4c 24 50 e8 7e 90 28 00
0x00007ff9cbef5772:   49 8b 04 24 48 8d 4c 24 70 c7 44 24 40 0c 00 00
0x00007ff9cbef5782:   00 48 8b 50 08 0f b7 42 2c 48 8b 52 08 48 8b 54 


Stack slot to memory mapping:
stack at sp + 0 slots: 0x000001927301a000 is a thread
stack at sp + 1 slots: 0x000001927301a000 is a thread
stack at sp + 2 slots: 0x0 is NULL
stack at sp + 3 slots: 0x00007ff9cbefee77 jvm.dll
stack at sp + 4 slots: 0x0000f9a13f950e29 is an unknown value
stack at sp + 5 slots: 0x00007ff9cbc19eae jvm.dll
stack at sp + 6 slots: 0x00000001256fe850 is pointing into the stack for thread: 0x000001927301a000
stack at sp + 7 slots: 0x00007ff9cc2586ff jvm.dll


---------------  P R O C E S S  ---------------

Threads class SMR info:
_java_thread_list=0x000001927c0b77a0, length=23, elements={
0x000001924e12c000, 0x0000019271a60000, 0x0000019271a65000, 0x0000019271a81000,
0x0000019271a82800, 0x0000019271a86000, 0x0000019271a8a800, 0x0000019272313000,
0x0000019272310800, 0x00000192724f9000, 0x00000192724fa000, 0x0000019272c3c800,
0x0000019272bb7000, 0x0000019272c38800, 0x0000019273072000, 0x000001927301a000,
0x000001927357f000, 0x0000019273578000, 0x000001927cac6000, 0x0000019274115800,
0x000001927cbb4000, 0x000001927cbb6000, 0x000001927cbb7800
}

Java Threads: ( => current thread )
  0x000001924e12c000 JavaThread "main" [_thread_blocked, id=24248, stack(0x0000000123f00000,0x0000000124000000)]
  0x0000019271a60000 JavaThread "Reference Handler" daemon [_thread_blocked, id=13444, stack(0x0000000124600000,0x0000000124700000)]
  0x0000019271a65000 JavaThread "Finalizer" daemon [_thread_blocked, id=22412, stack(0x0000000124700000,0x0000000124800000)]
  0x0000019271a81000 JavaThread "Signal Dispatcher" daemon [_thread_blocked, id=4284, stack(0x0000000124800000,0x0000000124900000)]
  0x0000019271a82800 JavaThread "Attach Listener" daemon [_thread_blocked, id=18184, stack(0x0000000124900000,0x0000000124a00000)]
  0x0000019271a86000 JavaThread "C2 CompilerThread0" daemon [_thread_blocked, id=14648, stack(0x0000000124a00000,0x0000000124b00000)]
  0x0000019271a8a800 JavaThread "C1 CompilerThread0" daemon [_thread_blocked, id=10376, stack(0x0000000124b00000,0x0000000124c00000)]
  0x0000019272313000 JavaThread "Sweeper thread" daemon [_thread_blocked, id=19676, stack(0x0000000124c00000,0x0000000124d00000)]
  0x0000019272310800 JavaThread "Common-Cleaner" daemon [_thread_blocked, id=12972, stack(0x0000000124d00000,0x0000000124e00000)]
  0x00000192724f9000 JavaThread "Monitor Ctrl-Break" daemon [_thread_in_native, id=23968, stack(0x0000000124e00000,0x0000000124f00000)]
  0x00000192724fa000 JavaThread "Service Thread" daemon [_thread_blocked, id=1668, stack(0x0000000124f00000,0x0000000125000000)]
  0x0000019272c3c800 JavaThread "testfx-async-pool-thread-1" daemon [_thread_blocked, id=24204, stack(0x0000000125200000,0x0000000125300000)]
  0x0000019272bb7000 JavaThread "JavaFX-Launcher" daemon [_thread_blocked, id=5004, stack(0x0000000125300000,0x0000000125400000)]
  0x0000019272c38800 JavaThread "QuantumRenderer-0" daemon [_thread_blocked, id=23652, stack(0x0000000125400000,0x0000000125500000)]
  0x0000019273072000 JavaThread "InvokeLaterDispatcher" daemon [_thread_blocked, id=10960, stack(0x0000000125500000,0x0000000125600000)]
=>0x000001927301a000 JavaThread "JavaFX Application Thread" daemon [_thread_in_vm, id=16768, stack(0x0000000125600000,0x0000000125700000)]
  0x000001927357f000 JavaThread "Thread-3" daemon [_thread_in_native, id=22900, stack(0x0000000125a00000,0x0000000125b00000)]
  0x0000019273578000 JavaThread "testfx-async-pool-thread-2" daemon [_thread_blocked, id=5896, stack(0x0000000125b00000,0x0000000125c00000)]
  0x000001927cac6000 JavaThread "Prism Font Disposer" daemon [_thread_blocked, id=10208, stack(0x0000000126500000,0x0000000126600000)]
  0x0000019274115800 JavaThread "Thread-5" daemon [_thread_blocked, id=22848, stack(0x0000000126600000,0x0000000126700000)]
  0x000001927cbb4000 JavaThread "Java2D Disposer" daemon [_thread_blocked, id=20080, stack(0x0000000126700000,0x0000000126800000)]
  0x000001927cbb6000 JavaThread "AWT-Windows" daemon [_thread_in_native, id=12824, stack(0x0000000126900000,0x0000000126a00000)]
  0x000001927cbb7800 JavaThread "Cleaner-0" daemon [_thread_blocked, id=20808, stack(0x0000000126a00000,0x0000000126b00000)]

Other Threads:
  0x0000019271a5e000 VMThread "VM Thread" [stack: 0x0000000124500000,0x0000000124600000] [id=19448]
  0x00000192724fe800 WatcherThread [stack: 0x0000000125000000,0x0000000125100000] [id=21404]
  0x000001924e18f000 GCTaskThread "GC Thread#0" [stack: 0x0000000124000000,0x0000000124100000] [id=13300]
  0x0000019273024000 GCTaskThread "GC Thread#1" [stack: 0x0000000125c00000,0x0000000125d00000] [id=17968]
  0x00000192733fd000 GCTaskThread "GC Thread#2" [stack: 0x0000000125d00000,0x0000000125e00000] [id=7452]
  0x00000192733fd800 GCTaskThread "GC Thread#3" [stack: 0x0000000125e00000,0x0000000125f00000] [id=2564]
  0x0000019273538800 GCTaskThread "GC Thread#4" [stack: 0x0000000125f00000,0x0000000126000000] [id=22596]
  0x0000019273539000 GCTaskThread "GC Thread#5" [stack: 0x0000000126000000,0x0000000126100000] [id=23988]
  0x000001924e1ac800 ConcurrentGCThread "G1 Main Marker" [stack: 0x0000000124100000,0x0000000124200000] [id=1940]
  0x000001924e1af000 ConcurrentGCThread "G1 Conc#0" [stack: 0x0000000124200000,0x0000000124300000] [id=21512]
  0x000001927195d000 ConcurrentGCThread "G1 Refine#0" [stack: 0x0000000124300000,0x0000000124400000] [id=23452]
  0x000001927195e800 ConcurrentGCThread "G1 Young RemSet Sampling" [stack: 0x0000000124400000,0x0000000124500000] [id=11232]

Threads with active compile tasks:

VM state:not at safepoint (normal execution)

VM Mutex/Monitor currently owned by a thread: None

Heap address: 0x0000000702800000, size: 4056 MB, Compressed Oops mode: Zero based, Oop shift amount: 3
Narrow klass base: 0x0000000800000000, Narrow klass shift: 3
Compressed class space size: 1073741824 Address: 0x00000008011a0000

Heap:
 garbage-first heap   total 260096K, used 52678K [0x0000000702800000, 0x0000000800000000)
  region size 1024K, 47 young (48128K), 3 survivors (3072K)
 Metaspace       used 19259K, capacity 20004K, committed 20096K, reserved 1067008K
  class space    used 2645K, capacity 2939K, committed 2944K, reserved 1048576K
Heap Regions: E=young(eden), S=young(survivor), O=old, HS=humongous(starts), HC=humongous(continues), CS=collection set, F=free, A=archive, TAMS=top-at-mark-start (previous, next)
|   0|0x0000000702800000, 0x0000000702900000, 0x0000000702900000|100%| O|  |TAMS 0x0000000702800000, 0x0000000702800000| Untracked 
|   1|0x0000000702900000, 0x0000000702971a00, 0x0000000702a00000| 44%| O|  |TAMS 0x0000000702900000, 0x0000000702900000| Untracked 
|   2|0x0000000702a00000, 0x0000000702b00000, 0x0000000702b00000|100%|HS|  |TAMS 0x0000000702a00000, 0x0000000702a00000| Complete 
|   3|0x0000000702b00000, 0x0000000702c00000, 0x0000000702c00000|100%|HS|  |TAMS 0x0000000702b00000, 0x0000000702b00000| Complete 
|   4|0x0000000702c00000, 0x0000000702d00000, 0x0000000702d00000|100%|HC|  |TAMS 0x0000000702c00000, 0x0000000702c00000| Complete 
|   5|0x0000000702d00000, 0x0000000702e00000, 0x0000000702e00000|100%|HS|  |TAMS 0x0000000702d00000, 0x0000000702d00000| Complete 
|   6|0x0000000702e00000, 0x0000000702e00000, 0x0000000702f00000|  0%| F|  |TAMS 0x0000000702e00000, 0x0000000702e00000| Untracked 
|   7|0x0000000702f00000, 0x0000000702f00000, 0x0000000703000000|  0%| F|  |TAMS 0x0000000702f00000, 0x0000000702f00000| Untracked 
|   8|0x0000000703000000, 0x0000000703000000, 0x0000000703100000|  0%| F|  |TAMS 0x0000000703000000, 0x0000000703000000| Untracked 
|   9|0x0000000703100000, 0x0000000703100000, 0x0000000703200000|  0%| F|  |TAMS 0x0000000703100000, 0x0000000703100000| Untracked 
|  10|0x0000000703200000, 0x0000000703200000, 0x0000000703300000|  0%| F|  |TAMS 0x0000000703200000, 0x0000000703200000| Untracked 
|  11|0x0000000703300000, 0x0000000703300000, 0x0000000703400000|  0%| F|  |TAMS 0x0000000703300000, 0x0000000703300000| Untracked 
|  12|0x0000000703400000, 0x0000000703400000, 0x0000000703500000|  0%| F|  |TAMS 0x0000000703400000, 0x0000000703400000| Untracked 
|  13|0x0000000703500000, 0x0000000703500000, 0x0000000703600000|  0%| F|  |TAMS 0x0000000703500000, 0x0000000703500000| Untracked 
|  14|0x0000000703600000, 0x0000000703600000, 0x0000000703700000|  0%| F|  |TAMS 0x0000000703600000, 0x0000000703600000| Untracked 
|  15|0x0000000703700000, 0x0000000703700000, 0x0000000703800000|  0%| F|  |TAMS 0x0000000703700000, 0x0000000703700000| Untracked 
|  16|0x0000000703800000, 0x0000000703800000, 0x0000000703900000|  0%| F|  |TAMS 0x0000000703800000, 0x0000000703800000| Untracked 
|  17|0x0000000703900000, 0x0000000703900000, 0x0000000703a00000|  0%| F|  |TAMS 0x0000000703900000, 0x0000000703900000| Untracked 
|  18|0x0000000703a00000, 0x0000000703a00000, 0x0000000703b00000|  0%| F|  |TAMS 0x0000000703a00000, 0x0000000703a00000| Untracked 
|  19|0x0000000703b00000, 0x0000000703b00000, 0x0000000703c00000|  0%| F|  |TAMS 0x0000000703b00000, 0x0000000703b00000| Untracked 
|  20|0x0000000703c00000, 0x0000000703c00000, 0x0000000703d00000|  0%| F|  |TAMS 0x0000000703c00000, 0x0000000703c00000| Untracked 
|  21|0x0000000703d00000, 0x0000000703d00000, 0x0000000703e00000|  0%| F|  |TAMS 0x0000000703d00000, 0x0000000703d00000| Untracked 
|  22|0x0000000703e00000, 0x0000000703e00000, 0x0000000703f00000|  0%| F|  |TAMS 0x0000000703e00000, 0x0000000703e00000| Untracked 
|  23|0x0000000703f00000, 0x0000000703f00000, 0x0000000704000000|  0%| F|  |TAMS 0x0000000703f00000, 0x0000000703f00000| Untracked 
|  24|0x0000000704000000, 0x0000000704000000, 0x0000000704100000|  0%| F|  |TAMS 0x0000000704000000, 0x0000000704000000| Untracked 
|  25|0x0000000704100000, 0x0000000704100000, 0x0000000704200000|  0%| F|  |TAMS 0x0000000704100000, 0x0000000704100000| Untracked 
|  26|0x0000000704200000, 0x0000000704200000, 0x0000000704300000|  0%| F|  |TAMS 0x0000000704200000, 0x0000000704200000| Untracked 
|  27|0x0000000704300000, 0x0000000704300000, 0x0000000704400000|  0%| F|  |TAMS 0x0000000704300000, 0x0000000704300000| Untracked 
|  28|0x0000000704400000, 0x0000000704400000, 0x0000000704500000|  0%| F|  |TAMS 0x0000000704400000, 0x0000000704400000| Untracked 
|  29|0x0000000704500000, 0x0000000704500000, 0x0000000704600000|  0%| F|  |TAMS 0x0000000704500000, 0x0000000704500000| Untracked 
|  30|0x0000000704600000, 0x0000000704600000, 0x0000000704700000|  0%| F|  |TAMS 0x0000000704600000, 0x0000000704600000| Untracked 
|  31|0x0000000704700000, 0x0000000704700000, 0x0000000704800000|  0%| F|  |TAMS 0x0000000704700000, 0x0000000704700000| Untracked 
|  32|0x0000000704800000, 0x0000000704800000, 0x0000000704900000|  0%| F|  |TAMS 0x0000000704800000, 0x0000000704800000| Untracked 
|  33|0x0000000704900000, 0x0000000704900000, 0x0000000704a00000|  0%| F|  |TAMS 0x0000000704900000, 0x0000000704900000| Untracked 
|  34|0x0000000704a00000, 0x0000000704a00000, 0x0000000704b00000|  0%| F|  |TAMS 0x0000000704a00000, 0x0000000704a00000| Untracked 
|  35|0x0000000704b00000, 0x0000000704b00000, 0x0000000704c00000|  0%| F|  |TAMS 0x0000000704b00000, 0x0000000704b00000| Untracked 
|  36|0x0000000704c00000, 0x0000000704c00000, 0x0000000704d00000|  0%| F|  |TAMS 0x0000000704c00000, 0x0000000704c00000| Untracked 
|  37|0x0000000704d00000, 0x0000000704d00000, 0x0000000704e00000|  0%| F|  |TAMS 0x0000000704d00000, 0x0000000704d00000| Untracked 
|  38|0x0000000704e00000, 0x0000000704e00000, 0x0000000704f00000|  0%| F|  |TAMS 0x0000000704e00000, 0x0000000704e00000| Untracked 
|  39|0x0000000704f00000, 0x0000000704f00000, 0x0000000705000000|  0%| F|  |TAMS 0x0000000704f00000, 0x0000000704f00000| Untracked 
|  40|0x0000000705000000, 0x0000000705000000, 0x0000000705100000|  0%| F|  |TAMS 0x0000000705000000, 0x0000000705000000| Untracked 
|  41|0x0000000705100000, 0x0000000705100000, 0x0000000705200000|  0%| F|  |TAMS 0x0000000705100000, 0x0000000705100000| Untracked 
|  42|0x0000000705200000, 0x0000000705200000, 0x0000000705300000|  0%| F|  |TAMS 0x0000000705200000, 0x0000000705200000| Untracked 
|  43|0x0000000705300000, 0x0000000705300000, 0x0000000705400000|  0%| F|  |TAMS 0x0000000705300000, 0x0000000705300000| Untracked 
|  44|0x0000000705400000, 0x0000000705400000, 0x0000000705500000|  0%| F|  |TAMS 0x0000000705400000, 0x0000000705400000| Untracked 
|  45|0x0000000705500000, 0x0000000705500000, 0x0000000705600000|  0%| F|  |TAMS 0x0000000705500000, 0x0000000705500000| Untracked 
|  46|0x0000000705600000, 0x0000000705600000, 0x0000000705700000|  0%| F|  |TAMS 0x0000000705600000, 0x0000000705600000| Untracked 
|  47|0x0000000705700000, 0x0000000705700000, 0x0000000705800000|  0%| F|  |TAMS 0x0000000705700000, 0x0000000705700000| Untracked 
|  48|0x0000000705800000, 0x0000000705800000, 0x0000000705900000|  0%| F|  |TAMS 0x0000000705800000, 0x0000000705800000| Untracked 
|  49|0x0000000705900000, 0x0000000705900000, 0x0000000705a00000|  0%| F|  |TAMS 0x0000000705900000, 0x0000000705900000| Untracked 
|  50|0x0000000705a00000, 0x0000000705a00000, 0x0000000705b00000|  0%| F|  |TAMS 0x0000000705a00000, 0x0000000705a00000| Untracked 
|  51|0x0000000705b00000, 0x0000000705b00000, 0x0000000705c00000|  0%| F|  |TAMS 0x0000000705b00000, 0x0000000705b00000| Untracked 
|  52|0x0000000705c00000, 0x0000000705c00000, 0x0000000705d00000|  0%| F|  |TAMS 0x0000000705c00000, 0x0000000705c00000| Untracked 
|  53|0x0000000705d00000, 0x0000000705d00000, 0x0000000705e00000|  0%| F|  |TAMS 0x0000000705d00000, 0x0000000705d00000| Untracked 
|  54|0x0000000705e00000, 0x0000000705e00000, 0x0000000705f00000|  0%| F|  |TAMS 0x0000000705e00000, 0x0000000705e00000| Untracked 
|  55|0x0000000705f00000, 0x0000000705f00000, 0x0000000706000000|  0%| F|  |TAMS 0x0000000705f00000, 0x0000000705f00000| Untracked 
|  56|0x0000000706000000, 0x0000000706000000, 0x0000000706100000|  0%| F|  |TAMS 0x0000000706000000, 0x0000000706000000| Untracked 
|  57|0x0000000706100000, 0x0000000706100000, 0x0000000706200000|  0%| F|  |TAMS 0x0000000706100000, 0x0000000706100000| Untracked 
|  58|0x0000000706200000, 0x0000000706200000, 0x0000000706300000|  0%| F|  |TAMS 0x0000000706200000, 0x0000000706200000| Untracked 
|  59|0x0000000706300000, 0x0000000706300000, 0x0000000706400000|  0%| F|  |TAMS 0x0000000706300000, 0x0000000706300000| Untracked 
|  60|0x0000000706400000, 0x0000000706400000, 0x0000000706500000|  0%| F|  |TAMS 0x0000000706400000, 0x0000000706400000| Untracked 
|  61|0x0000000706500000, 0x0000000706500000, 0x0000000706600000|  0%| F|  |TAMS 0x0000000706500000, 0x0000000706500000| Untracked 
|  62|0x0000000706600000, 0x0000000706600000, 0x0000000706700000|  0%| F|  |TAMS 0x0000000706600000, 0x0000000706600000| Untracked 
|  63|0x0000000706700000, 0x0000000706700000, 0x0000000706800000|  0%| F|  |TAMS 0x0000000706700000, 0x0000000706700000| Untracked 
|  64|0x0000000706800000, 0x0000000706800000, 0x0000000706900000|  0%| F|  |TAMS 0x0000000706800000, 0x0000000706800000| Untracked 
|  65|0x0000000706900000, 0x0000000706900000, 0x0000000706a00000|  0%| F|  |TAMS 0x0000000706900000, 0x0000000706900000| Untracked 
|  66|0x0000000706a00000, 0x0000000706a00000, 0x0000000706b00000|  0%| F|  |TAMS 0x0000000706a00000, 0x0000000706a00000| Untracked 
|  67|0x0000000706b00000, 0x0000000706b00000, 0x0000000706c00000|  0%| F|  |TAMS 0x0000000706b00000, 0x0000000706b00000| Untracked 
|  68|0x0000000706c00000, 0x0000000706c00000, 0x0000000706d00000|  0%| F|  |TAMS 0x0000000706c00000, 0x0000000706c00000| Untracked 
|  69|0x0000000706d00000, 0x0000000706d00000, 0x0000000706e00000|  0%| F|  |TAMS 0x0000000706d00000, 0x0000000706d00000| Untracked 
|  70|0x0000000706e00000, 0x0000000706e00000, 0x0000000706f00000|  0%| F|  |TAMS 0x0000000706e00000, 0x0000000706e00000| Untracked 
|  71|0x0000000706f00000, 0x0000000706f00000, 0x0000000707000000|  0%| F|  |TAMS 0x0000000706f00000, 0x0000000706f00000| Untracked 
|  72|0x0000000707000000, 0x0000000707000000, 0x0000000707100000|  0%| F|  |TAMS 0x0000000707000000, 0x0000000707000000| Untracked 
|  73|0x0000000707100000, 0x0000000707100000, 0x0000000707200000|  0%| F|  |TAMS 0x0000000707100000, 0x0000000707100000| Untracked 
|  74|0x0000000707200000, 0x0000000707200000, 0x0000000707300000|  0%| F|  |TAMS 0x0000000707200000, 0x0000000707200000| Untracked 
|  75|0x0000000707300000, 0x0000000707300000, 0x0000000707400000|  0%| F|  |TAMS 0x0000000707300000, 0x0000000707300000| Untracked 
|  76|0x0000000707400000, 0x0000000707400000, 0x0000000707500000|  0%| F|  |TAMS 0x0000000707400000, 0x0000000707400000| Untracked 
|  77|0x0000000707500000, 0x0000000707500000, 0x0000000707600000|  0%| F|  |TAMS 0x0000000707500000, 0x0000000707500000| Untracked 
|  78|0x0000000707600000, 0x0000000707600000, 0x0000000707700000|  0%| F|  |TAMS 0x0000000707600000, 0x0000000707600000| Untracked 
|  79|0x0000000707700000, 0x0000000707700000, 0x0000000707800000|  0%| F|  |TAMS 0x0000000707700000, 0x0000000707700000| Untracked 
|  80|0x0000000707800000, 0x0000000707800000, 0x0000000707900000|  0%| F|  |TAMS 0x0000000707800000, 0x0000000707800000| Untracked 
|  81|0x0000000707900000, 0x0000000707900000, 0x0000000707a00000|  0%| F|  |TAMS 0x0000000707900000, 0x0000000707900000| Untracked 
|  82|0x0000000707a00000, 0x0000000707a00000, 0x0000000707b00000|  0%| F|  |TAMS 0x0000000707a00000, 0x0000000707a00000| Untracked 
|  83|0x0000000707b00000, 0x0000000707b00000, 0x0000000707c00000|  0%| F|  |TAMS 0x0000000707b00000, 0x0000000707b00000| Untracked 
|  84|0x0000000707c00000, 0x0000000707c00000, 0x0000000707d00000|  0%| F|  |TAMS 0x0000000707c00000, 0x0000000707c00000| Untracked 
|  85|0x0000000707d00000, 0x0000000707d00000, 0x0000000707e00000|  0%| F|  |TAMS 0x0000000707d00000, 0x0000000707d00000| Untracked 
|  86|0x0000000707e00000, 0x0000000707e00000, 0x0000000707f00000|  0%| F|  |TAMS 0x0000000707e00000, 0x0000000707e00000| Untracked 
|  87|0x0000000707f00000, 0x0000000707f00000, 0x0000000708000000|  0%| F|  |TAMS 0x0000000707f00000, 0x0000000707f00000| Untracked 
|  88|0x0000000708000000, 0x0000000708000000, 0x0000000708100000|  0%| F|  |TAMS 0x0000000708000000, 0x0000000708000000| Untracked 
|  89|0x0000000708100000, 0x0000000708100000, 0x0000000708200000|  0%| F|  |TAMS 0x0000000708100000, 0x0000000708100000| Untracked 
|  90|0x0000000708200000, 0x0000000708200000, 0x0000000708300000|  0%| F|  |TAMS 0x0000000708200000, 0x0000000708200000| Untracked 
|  91|0x0000000708300000, 0x0000000708300000, 0x0000000708400000|  0%| F|  |TAMS 0x0000000708300000, 0x0000000708300000| Untracked 
|  92|0x0000000708400000, 0x0000000708400000, 0x0000000708500000|  0%| F|  |TAMS 0x0000000708400000, 0x0000000708400000| Untracked 
|  93|0x0000000708500000, 0x0000000708500000, 0x0000000708600000|  0%| F|  |TAMS 0x0000000708500000, 0x0000000708500000| Untracked 
|  94|0x0000000708600000, 0x0000000708600000, 0x0000000708700000|  0%| F|  |TAMS 0x0000000708600000, 0x0000000708600000| Untracked 
|  95|0x0000000708700000, 0x0000000708700000, 0x0000000708800000|  0%| F|  |TAMS 0x0000000708700000, 0x0000000708700000| Untracked 
|  96|0x0000000708800000, 0x0000000708800000, 0x0000000708900000|  0%| F|  |TAMS 0x0000000708800000, 0x0000000708800000| Untracked 
|  97|0x0000000708900000, 0x0000000708900000, 0x0000000708a00000|  0%| F|  |TAMS 0x0000000708900000, 0x0000000708900000| Untracked 
|  98|0x0000000708a00000, 0x0000000708a00000, 0x0000000708b00000|  0%| F|  |TAMS 0x0000000708a00000, 0x0000000708a00000| Untracked 
|  99|0x0000000708b00000, 0x0000000708b00000, 0x0000000708c00000|  0%| F|  |TAMS 0x0000000708b00000, 0x0000000708b00000| Untracked 
| 100|0x0000000708c00000, 0x0000000708c00000, 0x0000000708d00000|  0%| F|  |TAMS 0x0000000708c00000, 0x0000000708c00000| Untracked 
| 101|0x0000000708d00000, 0x0000000708d00000, 0x0000000708e00000|  0%| F|  |TAMS 0x0000000708d00000, 0x0000000708d00000| Untracked 
| 102|0x0000000708e00000, 0x0000000708e00000, 0x0000000708f00000|  0%| F|  |TAMS 0x0000000708e00000, 0x0000000708e00000| Untracked 
| 103|0x0000000708f00000, 0x0000000708f00000, 0x0000000709000000|  0%| F|  |TAMS 0x0000000708f00000, 0x0000000708f00000| Untracked 
| 104|0x0000000709000000, 0x0000000709000000, 0x0000000709100000|  0%| F|  |TAMS 0x0000000709000000, 0x0000000709000000| Untracked 
| 105|0x0000000709100000, 0x0000000709100000, 0x0000000709200000|  0%| F|  |TAMS 0x0000000709100000, 0x0000000709100000| Untracked 
| 106|0x0000000709200000, 0x0000000709200000, 0x0000000709300000|  0%| F|  |TAMS 0x0000000709200000, 0x0000000709200000| Untracked 
| 107|0x0000000709300000, 0x0000000709300000, 0x0000000709400000|  0%| F|  |TAMS 0x0000000709300000, 0x0000000709300000| Untracked 
| 108|0x0000000709400000, 0x0000000709400000, 0x0000000709500000|  0%| F|  |TAMS 0x0000000709400000, 0x0000000709400000| Untracked 
| 109|0x0000000709500000, 0x0000000709500000, 0x0000000709600000|  0%| F|  |TAMS 0x0000000709500000, 0x0000000709500000| Untracked 
| 110|0x0000000709600000, 0x0000000709600000, 0x0000000709700000|  0%| F|  |TAMS 0x0000000709600000, 0x0000000709600000| Untracked 
| 111|0x0000000709700000, 0x0000000709700000, 0x0000000709800000|  0%| F|  |TAMS 0x0000000709700000, 0x0000000709700000| Untracked 
| 112|0x0000000709800000, 0x0000000709800000, 0x0000000709900000|  0%| F|  |TAMS 0x0000000709800000, 0x0000000709800000| Untracked 
| 113|0x0000000709900000, 0x0000000709900000, 0x0000000709a00000|  0%| F|  |TAMS 0x0000000709900000, 0x0000000709900000| Untracked 
| 114|0x0000000709a00000, 0x0000000709a00000, 0x0000000709b00000|  0%| F|  |TAMS 0x0000000709a00000, 0x0000000709a00000| Untracked 
| 115|0x0000000709b00000, 0x0000000709b00000, 0x0000000709c00000|  0%| F|  |TAMS 0x0000000709b00000, 0x0000000709b00000| Untracked 
| 116|0x0000000709c00000, 0x0000000709c00000, 0x0000000709d00000|  0%| F|  |TAMS 0x0000000709c00000, 0x0000000709c00000| Untracked 
| 117|0x0000000709d00000, 0x0000000709d00000, 0x0000000709e00000|  0%| F|  |TAMS 0x0000000709d00000, 0x0000000709d00000| Untracked 
| 118|0x0000000709e00000, 0x0000000709e00000, 0x0000000709f00000|  0%| F|  |TAMS 0x0000000709e00000, 0x0000000709e00000| Untracked 
| 119|0x0000000709f00000, 0x0000000709f00000, 0x000000070a000000|  0%| F|  |TAMS 0x0000000709f00000, 0x0000000709f00000| Untracked 
| 120|0x000000070a000000, 0x000000070a000000, 0x000000070a100000|  0%| F|  |TAMS 0x000000070a000000, 0x000000070a000000| Untracked 
| 121|0x000000070a100000, 0x000000070a100000, 0x000000070a200000|  0%| F|  |TAMS 0x000000070a100000, 0x000000070a100000| Untracked 
| 122|0x000000070a200000, 0x000000070a200000, 0x000000070a300000|  0%| F|  |TAMS 0x000000070a200000, 0x000000070a200000| Untracked 
| 123|0x000000070a300000, 0x000000070a300000, 0x000000070a400000|  0%| F|  |TAMS 0x000000070a300000, 0x000000070a300000| Untracked 
| 124|0x000000070a400000, 0x000000070a400000, 0x000000070a500000|  0%| F|  |TAMS 0x000000070a400000, 0x000000070a400000| Untracked 
| 125|0x000000070a500000, 0x000000070a500000, 0x000000070a600000|  0%| F|  |TAMS 0x000000070a500000, 0x000000070a500000| Untracked 
| 126|0x000000070a600000, 0x000000070a600000, 0x000000070a700000|  0%| F|  |TAMS 0x000000070a600000, 0x000000070a600000| Untracked 
| 127|0x000000070a700000, 0x000000070a700000, 0x000000070a800000|  0%| F|  |TAMS 0x000000070a700000, 0x000000070a700000| Untracked 
| 128|0x000000070a800000, 0x000000070a800000, 0x000000070a900000|  0%| F|  |TAMS 0x000000070a800000, 0x000000070a800000| Untracked 
| 129|0x000000070a900000, 0x000000070a900000, 0x000000070aa00000|  0%| F|  |TAMS 0x000000070a900000, 0x000000070a900000| Untracked 
| 130|0x000000070aa00000, 0x000000070aa00000, 0x000000070ab00000|  0%| F|  |TAMS 0x000000070aa00000, 0x000000070aa00000| Untracked 
| 131|0x000000070ab00000, 0x000000070ab00000, 0x000000070ac00000|  0%| F|  |TAMS 0x000000070ab00000, 0x000000070ab00000| Untracked 
| 132|0x000000070ac00000, 0x000000070ac00000, 0x000000070ad00000|  0%| F|  |TAMS 0x000000070ac00000, 0x000000070ac00000| Untracked 
| 133|0x000000070ad00000, 0x000000070ad00000, 0x000000070ae00000|  0%| F|  |TAMS 0x000000070ad00000, 0x000000070ad00000| Untracked 
| 134|0x000000070ae00000, 0x000000070ae00000, 0x000000070af00000|  0%| F|  |TAMS 0x000000070ae00000, 0x000000070ae00000| Untracked 
| 135|0x000000070af00000, 0x000000070af00000, 0x000000070b000000|  0%| F|  |TAMS 0x000000070af00000, 0x000000070af00000| Untracked 
| 136|0x000000070b000000, 0x000000070b000000, 0x000000070b100000|  0%| F|  |TAMS 0x000000070b000000, 0x000000070b000000| Untracked 
| 137|0x000000070b100000, 0x000000070b100000, 0x000000070b200000|  0%| F|  |TAMS 0x000000070b100000, 0x000000070b100000| Untracked 
| 138|0x000000070b200000, 0x000000070b200000, 0x000000070b300000|  0%| F|  |TAMS 0x000000070b200000, 0x000000070b200000| Untracked 
| 139|0x000000070b300000, 0x000000070b300000, 0x000000070b400000|  0%| F|  |TAMS 0x000000070b300000, 0x000000070b300000| Untracked 
| 140|0x000000070b400000, 0x000000070b400000, 0x000000070b500000|  0%| F|  |TAMS 0x000000070b400000, 0x000000070b400000| Untracked 
| 141|0x000000070b500000, 0x000000070b500000, 0x000000070b600000|  0%| F|  |TAMS 0x000000070b500000, 0x000000070b500000| Untracked 
| 142|0x000000070b600000, 0x000000070b600000, 0x000000070b700000|  0%| F|  |TAMS 0x000000070b600000, 0x000000070b600000| Untracked 
| 143|0x000000070b700000, 0x000000070b700000, 0x000000070b800000|  0%| F|  |TAMS 0x000000070b700000, 0x000000070b700000| Untracked 
| 144|0x000000070b800000, 0x000000070b800000, 0x000000070b900000|  0%| F|  |TAMS 0x000000070b800000, 0x000000070b800000| Untracked 
| 145|0x000000070b900000, 0x000000070b900000, 0x000000070ba00000|  0%| F|  |TAMS 0x000000070b900000, 0x000000070b900000| Untracked 
| 146|0x000000070ba00000, 0x000000070ba00000, 0x000000070bb00000|  0%| F|  |TAMS 0x000000070ba00000, 0x000000070ba00000| Untracked 
| 147|0x000000070bb00000, 0x000000070bb00000, 0x000000070bc00000|  0%| F|  |TAMS 0x000000070bb00000, 0x000000070bb00000| Untracked 
| 148|0x000000070bc00000, 0x000000070bc00000, 0x000000070bd00000|  0%| F|  |TAMS 0x000000070bc00000, 0x000000070bc00000| Untracked 
| 149|0x000000070bd00000, 0x000000070bd00000, 0x000000070be00000|  0%| F|  |TAMS 0x000000070bd00000, 0x000000070bd00000| Untracked 
| 150|0x000000070be00000, 0x000000070be00000, 0x000000070bf00000|  0%| F|  |TAMS 0x000000070be00000, 0x000000070be00000| Untracked 
| 151|0x000000070bf00000, 0x000000070bf00000, 0x000000070c000000|  0%| F|  |TAMS 0x000000070bf00000, 0x000000070bf00000| Untracked 
| 152|0x000000070c000000, 0x000000070c000000, 0x000000070c100000|  0%| F|  |TAMS 0x000000070c000000, 0x000000070c000000| Untracked 
| 153|0x000000070c100000, 0x000000070c100000, 0x000000070c200000|  0%| F|  |TAMS 0x000000070c100000, 0x000000070c100000| Untracked 
| 154|0x000000070c200000, 0x000000070c200000, 0x000000070c300000|  0%| F|  |TAMS 0x000000070c200000, 0x000000070c200000| Untracked 
| 155|0x000000070c300000, 0x000000070c300000, 0x000000070c400000|  0%| F|  |TAMS 0x000000070c300000, 0x000000070c300000| Untracked 
| 156|0x000000070c400000, 0x000000070c400000, 0x000000070c500000|  0%| F|  |TAMS 0x000000070c400000, 0x000000070c400000| Untracked 
| 157|0x000000070c500000, 0x000000070c500000, 0x000000070c600000|  0%| F|  |TAMS 0x000000070c500000, 0x000000070c500000| Untracked 
| 158|0x000000070c600000, 0x000000070c600000, 0x000000070c700000|  0%| F|  |TAMS 0x000000070c600000, 0x000000070c600000| Untracked 
| 159|0x000000070c700000, 0x000000070c700000, 0x000000070c800000|  0%| F|  |TAMS 0x000000070c700000, 0x000000070c700000| Untracked 
| 160|0x000000070c800000, 0x000000070c800000, 0x000000070c900000|  0%| F|  |TAMS 0x000000070c800000, 0x000000070c800000| Untracked 
| 161|0x000000070c900000, 0x000000070c900000, 0x000000070ca00000|  0%| F|  |TAMS 0x000000070c900000, 0x000000070c900000| Untracked 
| 162|0x000000070ca00000, 0x000000070ca00000, 0x000000070cb00000|  0%| F|  |TAMS 0x000000070ca00000, 0x000000070ca00000| Untracked 
| 163|0x000000070cb00000, 0x000000070cb00000, 0x000000070cc00000|  0%| F|  |TAMS 0x000000070cb00000, 0x000000070cb00000| Untracked 
| 164|0x000000070cc00000, 0x000000070cc00000, 0x000000070cd00000|  0%| F|  |TAMS 0x000000070cc00000, 0x000000070cc00000| Untracked 
| 165|0x000000070cd00000, 0x000000070cd00000, 0x000000070ce00000|  0%| F|  |TAMS 0x000000070cd00000, 0x000000070cd00000| Untracked 
| 166|0x000000070ce00000, 0x000000070ce00000, 0x000000070cf00000|  0%| F|  |TAMS 0x000000070ce00000, 0x000000070ce00000| Untracked 
| 167|0x000000070cf00000, 0x000000070cf00000, 0x000000070d000000|  0%| F|  |TAMS 0x000000070cf00000, 0x000000070cf00000| Untracked 
| 168|0x000000070d000000, 0x000000070d000000, 0x000000070d100000|  0%| F|  |TAMS 0x000000070d000000, 0x000000070d000000| Untracked 
| 169|0x000000070d100000, 0x000000070d100000, 0x000000070d200000|  0%| F|  |TAMS 0x000000070d100000, 0x000000070d100000| Untracked 
| 170|0x000000070d200000, 0x000000070d200000, 0x000000070d300000|  0%| F|  |TAMS 0x000000070d200000, 0x000000070d200000| Untracked 
| 171|0x000000070d300000, 0x000000070d300000, 0x000000070d400000|  0%| F|  |TAMS 0x000000070d300000, 0x000000070d300000| Untracked 
| 172|0x000000070d400000, 0x000000070d400000, 0x000000070d500000|  0%| F|  |TAMS 0x000000070d400000, 0x000000070d400000| Untracked 
| 173|0x000000070d500000, 0x000000070d500000, 0x000000070d600000|  0%| F|  |TAMS 0x000000070d500000, 0x000000070d500000| Untracked 
| 174|0x000000070d600000, 0x000000070d600000, 0x000000070d700000|  0%| F|  |TAMS 0x000000070d600000, 0x000000070d600000| Untracked 
| 175|0x000000070d700000, 0x000000070d700000, 0x000000070d800000|  0%| F|  |TAMS 0x000000070d700000, 0x000000070d700000| Untracked 
| 176|0x000000070d800000, 0x000000070d800000, 0x000000070d900000|  0%| F|  |TAMS 0x000000070d800000, 0x000000070d800000| Untracked 
| 177|0x000000070d900000, 0x000000070d900000, 0x000000070da00000|  0%| F|  |TAMS 0x000000070d900000, 0x000000070d900000| Untracked 
| 178|0x000000070da00000, 0x000000070da00000, 0x000000070db00000|  0%| F|  |TAMS 0x000000070da00000, 0x000000070da00000| Untracked 
| 179|0x000000070db00000, 0x000000070db00000, 0x000000070dc00000|  0%| F|  |TAMS 0x000000070db00000, 0x000000070db00000| Untracked 
| 180|0x000000070dc00000, 0x000000070dc00000, 0x000000070dd00000|  0%| F|  |TAMS 0x000000070dc00000, 0x000000070dc00000| Untracked 
| 181|0x000000070dd00000, 0x000000070dd00000, 0x000000070de00000|  0%| F|  |TAMS 0x000000070dd00000, 0x000000070dd00000| Untracked 
| 182|0x000000070de00000, 0x000000070de00000, 0x000000070df00000|  0%| F|  |TAMS 0x000000070de00000, 0x000000070de00000| Untracked 
| 183|0x000000070df00000, 0x000000070df00000, 0x000000070e000000|  0%| F|  |TAMS 0x000000070df00000, 0x000000070df00000| Untracked 
| 184|0x000000070e000000, 0x000000070e000000, 0x000000070e100000|  0%| F|  |TAMS 0x000000070e000000, 0x000000070e000000| Untracked 
| 185|0x000000070e100000, 0x000000070e100000, 0x000000070e200000|  0%| F|  |TAMS 0x000000070e100000, 0x000000070e100000| Untracked 
| 186|0x000000070e200000, 0x000000070e200000, 0x000000070e300000|  0%| F|  |TAMS 0x000000070e200000, 0x000000070e200000| Untracked 
| 187|0x000000070e300000, 0x000000070e300000, 0x000000070e400000|  0%| F|  |TAMS 0x000000070e300000, 0x000000070e300000| Untracked 
| 188|0x000000070e400000, 0x000000070e400000, 0x000000070e500000|  0%| F|  |TAMS 0x000000070e400000, 0x000000070e400000| Untracked 
| 189|0x000000070e500000, 0x000000070e500000, 0x000000070e600000|  0%| F|  |TAMS 0x000000070e500000, 0x000000070e500000| Untracked 
| 190|0x000000070e600000, 0x000000070e600000, 0x000000070e700000|  0%| F|  |TAMS 0x000000070e600000, 0x000000070e600000| Untracked 
| 191|0x000000070e700000, 0x000000070e700000, 0x000000070e800000|  0%| F|  |TAMS 0x000000070e700000, 0x000000070e700000| Untracked 
| 192|0x000000070e800000, 0x000000070e800000, 0x000000070e900000|  0%| F|  |TAMS 0x000000070e800000, 0x000000070e800000| Untracked 
| 193|0x000000070e900000, 0x000000070e900000, 0x000000070ea00000|  0%| F|  |TAMS 0x000000070e900000, 0x000000070e900000| Untracked 
| 194|0x000000070ea00000, 0x000000070ea00000, 0x000000070eb00000|  0%| F|  |TAMS 0x000000070ea00000, 0x000000070ea00000| Untracked 
| 195|0x000000070eb00000, 0x000000070eb00000, 0x000000070ec00000|  0%| F|  |TAMS 0x000000070eb00000, 0x000000070eb00000| Untracked 
| 196|0x000000070ec00000, 0x000000070ec00000, 0x000000070ed00000|  0%| F|  |TAMS 0x000000070ec00000, 0x000000070ec00000| Untracked 
| 197|0x000000070ed00000, 0x000000070ed00000, 0x000000070ee00000|  0%| F|  |TAMS 0x000000070ed00000, 0x000000070ed00000| Untracked 
| 198|0x000000070ee00000, 0x000000070ee00000, 0x000000070ef00000|  0%| F|  |TAMS 0x000000070ee00000, 0x000000070ee00000| Untracked 
| 199|0x000000070ef00000, 0x000000070ef00000, 0x000000070f000000|  0%| F|  |TAMS 0x000000070ef00000, 0x000000070ef00000| Untracked 
| 200|0x000000070f000000, 0x000000070f000000, 0x000000070f100000|  0%| F|  |TAMS 0x000000070f000000, 0x000000070f000000| Untracked 
| 201|0x000000070f100000, 0x000000070f100000, 0x000000070f200000|  0%| F|  |TAMS 0x000000070f100000, 0x000000070f100000| Untracked 
| 202|0x000000070f200000, 0x000000070f200000, 0x000000070f300000|  0%| F|  |TAMS 0x000000070f200000, 0x000000070f200000| Untracked 
| 203|0x000000070f300000, 0x000000070f300000, 0x000000070f400000|  0%| F|  |TAMS 0x000000070f300000, 0x000000070f300000| Untracked 
| 204|0x000000070f400000, 0x000000070f400000, 0x000000070f500000|  0%| F|  |TAMS 0x000000070f400000, 0x000000070f400000| Untracked 
| 205|0x000000070f500000, 0x000000070f500000, 0x000000070f600000|  0%| F|  |TAMS 0x000000070f500000, 0x000000070f500000| Untracked 
| 206|0x000000070f600000, 0x000000070f600000, 0x000000070f700000|  0%| F|  |TAMS 0x000000070f600000, 0x000000070f600000| Untracked 
| 207|0x000000070f700000, 0x000000070f77fa88, 0x000000070f800000| 49%| E|  |TAMS 0x000000070f700000, 0x000000070f700000| Complete 
| 208|0x000000070f800000, 0x000000070f900000, 0x000000070f900000|100%| E|CS|TAMS 0x000000070f800000, 0x000000070f800000| Complete 
| 209|0x000000070f900000, 0x000000070fa00000, 0x000000070fa00000|100%| E|CS|TAMS 0x000000070f900000, 0x000000070f900000| Complete 
| 210|0x000000070fa00000, 0x000000070fb00000, 0x000000070fb00000|100%| E|CS|TAMS 0x000000070fa00000, 0x000000070fa00000| Complete 
| 211|0x000000070fb00000, 0x000000070fc00000, 0x000000070fc00000|100%| E|CS|TAMS 0x000000070fb00000, 0x000000070fb00000| Complete 
| 212|0x000000070fc00000, 0x000000070fd00000, 0x000000070fd00000|100%| E|CS|TAMS 0x000000070fc00000, 0x000000070fc00000| Complete 
| 213|0x000000070fd00000, 0x000000070fe00000, 0x000000070fe00000|100%| E|CS|TAMS 0x000000070fd00000, 0x000000070fd00000| Complete 
| 214|0x000000070fe00000, 0x000000070ff00000, 0x000000070ff00000|100%| E|CS|TAMS 0x000000070fe00000, 0x000000070fe00000| Complete 
| 215|0x000000070ff00000, 0x0000000710000000, 0x0000000710000000|100%| E|CS|TAMS 0x000000070ff00000, 0x000000070ff00000| Complete 
| 216|0x0000000710000000, 0x0000000710100000, 0x0000000710100000|100%| E|CS|TAMS 0x0000000710000000, 0x0000000710000000| Complete 
| 217|0x0000000710100000, 0x0000000710200000, 0x0000000710200000|100%| E|CS|TAMS 0x0000000710100000, 0x0000000710100000| Complete 
| 218|0x0000000710200000, 0x0000000710300000, 0x0000000710300000|100%| E|CS|TAMS 0x0000000710200000, 0x0000000710200000| Complete 
| 219|0x0000000710300000, 0x0000000710400000, 0x0000000710400000|100%| E|CS|TAMS 0x0000000710300000, 0x0000000710300000| Complete 
| 220|0x0000000710400000, 0x0000000710500000, 0x0000000710500000|100%| E|CS|TAMS 0x0000000710400000, 0x0000000710400000| Complete 
| 221|0x0000000710500000, 0x0000000710600000, 0x0000000710600000|100%| E|CS|TAMS 0x0000000710500000, 0x0000000710500000| Complete 
| 222|0x0000000710600000, 0x0000000710700000, 0x0000000710700000|100%| E|CS|TAMS 0x0000000710600000, 0x0000000710600000| Complete 
| 223|0x0000000710700000, 0x0000000710800000, 0x0000000710800000|100%| E|CS|TAMS 0x0000000710700000, 0x0000000710700000| Complete 
| 224|0x0000000710800000, 0x0000000710900000, 0x0000000710900000|100%| E|CS|TAMS 0x0000000710800000, 0x0000000710800000| Complete 
| 225|0x0000000710900000, 0x0000000710a00000, 0x0000000710a00000|100%| E|CS|TAMS 0x0000000710900000, 0x0000000710900000| Complete 
| 226|0x0000000710a00000, 0x0000000710b00000, 0x0000000710b00000|100%| E|CS|TAMS 0x0000000710a00000, 0x0000000710a00000| Complete 
| 227|0x0000000710b00000, 0x0000000710c00000, 0x0000000710c00000|100%| S|CS|TAMS 0x0000000710b00000, 0x0000000710b00000| Complete 
| 228|0x0000000710c00000, 0x0000000710d00000, 0x0000000710d00000|100%| S|CS|TAMS 0x0000000710c00000, 0x0000000710c00000| Complete 
| 229|0x0000000710d00000, 0x0000000710e00000, 0x0000000710e00000|100%| S|CS|TAMS 0x0000000710d00000, 0x0000000710d00000| Complete 
| 230|0x0000000710e00000, 0x0000000710f00000, 0x0000000710f00000|100%| E|CS|TAMS 0x0000000710e00000, 0x0000000710e00000| Complete 
| 231|0x0000000710f00000, 0x0000000711000000, 0x0000000711000000|100%| E|CS|TAMS 0x0000000710f00000, 0x0000000710f00000| Complete 
| 232|0x0000000711000000, 0x0000000711100000, 0x0000000711100000|100%| E|CS|TAMS 0x0000000711000000, 0x0000000711000000| Complete 
| 233|0x0000000711100000, 0x0000000711200000, 0x0000000711200000|100%| E|CS|TAMS 0x0000000711100000, 0x0000000711100000| Complete 
| 234|0x0000000711200000, 0x0000000711300000, 0x0000000711300000|100%| E|CS|TAMS 0x0000000711200000, 0x0000000711200000| Complete 
| 235|0x0000000711300000, 0x0000000711400000, 0x0000000711400000|100%| E|CS|TAMS 0x0000000711300000, 0x0000000711300000| Complete 
| 236|0x0000000711400000, 0x0000000711500000, 0x0000000711500000|100%| E|CS|TAMS 0x0000000711400000, 0x0000000711400000| Complete 
| 237|0x0000000711500000, 0x0000000711600000, 0x0000000711600000|100%| E|CS|TAMS 0x0000000711500000, 0x0000000711500000| Complete 
| 238|0x0000000711600000, 0x0000000711700000, 0x0000000711700000|100%| E|CS|TAMS 0x0000000711600000, 0x0000000711600000| Complete 
| 239|0x0000000711700000, 0x0000000711800000, 0x0000000711800000|100%| E|CS|TAMS 0x0000000711700000, 0x0000000711700000| Complete 
| 240|0x0000000711800000, 0x0000000711900000, 0x0000000711900000|100%| E|CS|TAMS 0x0000000711800000, 0x0000000711800000| Complete 
| 241|0x0000000711900000, 0x0000000711a00000, 0x0000000711a00000|100%| E|CS|TAMS 0x0000000711900000, 0x0000000711900000| Complete 
| 242|0x0000000711a00000, 0x0000000711b00000, 0x0000000711b00000|100%| E|CS|TAMS 0x0000000711a00000, 0x0000000711a00000| Complete 
| 243|0x0000000711b00000, 0x0000000711c00000, 0x0000000711c00000|100%| E|CS|TAMS 0x0000000711b00000, 0x0000000711b00000| Complete 
| 244|0x0000000711c00000, 0x0000000711d00000, 0x0000000711d00000|100%| E|CS|TAMS 0x0000000711c00000, 0x0000000711c00000| Complete 
| 245|0x0000000711d00000, 0x0000000711e00000, 0x0000000711e00000|100%| E|CS|TAMS 0x0000000711d00000, 0x0000000711d00000| Complete 
| 246|0x0000000711e00000, 0x0000000711f00000, 0x0000000711f00000|100%| E|CS|TAMS 0x0000000711e00000, 0x0000000711e00000| Complete 
| 247|0x0000000711f00000, 0x0000000712000000, 0x0000000712000000|100%| E|CS|TAMS 0x0000000711f00000, 0x0000000711f00000| Complete 
| 248|0x0000000712000000, 0x0000000712100000, 0x0000000712100000|100%| E|CS|TAMS 0x0000000712000000, 0x0000000712000000| Complete 
| 249|0x0000000712100000, 0x0000000712200000, 0x0000000712200000|100%| E|CS|TAMS 0x0000000712100000, 0x0000000712100000| Complete 
| 250|0x0000000712200000, 0x0000000712300000, 0x0000000712300000|100%| E|CS|TAMS 0x0000000712200000, 0x0000000712200000| Complete 
| 251|0x0000000712300000, 0x0000000712400000, 0x0000000712400000|100%| E|CS|TAMS 0x0000000712300000, 0x0000000712300000| Complete 
| 252|0x0000000712400000, 0x0000000712500000, 0x0000000712500000|100%| E|CS|TAMS 0x0000000712400000, 0x0000000712400000| Complete 
| 253|0x0000000712500000, 0x0000000712600000, 0x0000000712600000|100%| E|CS|TAMS 0x0000000712500000, 0x0000000712500000| Complete 

Card table byte_map: [0x0000019266050000,0x0000019266840000] _byte_map_base: 0x000001926283c000

Marking Bits (Prev, Next): (CMBitMap*) 0x000001924e18fb78, (CMBitMap*) 0x000001924e18fbb8
 Prev Bits: [0x0000019267030000, 0x000001926af90000)
 Next Bits: [0x000001926af90000, 0x000001926eef0000)

Polling page: 0x000001924bf20000

Metaspace:

Usage:
  Non-class:     16.67 MB capacity,    16.22 MB ( 97%) used,   369.33 KB (  2%) free+waste,    81.63 KB ( <1%) overhead. 
      Class:      2.87 MB capacity,     2.58 MB ( 90%) used,   250.43 KB (  9%) free+waste,    42.94 KB (  1%) overhead. 
       Both:     19.54 MB capacity,    18.81 MB ( 96%) used,   619.76 KB (  3%) free+waste,   124.56 KB ( <1%) overhead. 

Virtual space:
  Non-class space:       18.00 MB reserved,      16.75 MB ( 93%) committed 
      Class space:        1.00 GB reserved,       2.88 MB ( <1%) committed 
             Both:        1.02 GB reserved,      19.63 MB (  2%) committed 

Chunk freelists:
   Non-Class:  2.88 KB
       Class:  640 bytes
        Both:  3.50 KB

CodeHeap 'non-profiled nmethods': size=120000Kb used=1233Kb max_used=1233Kb free=118767Kb
 bounds [0x000001925e000000, 0x000001925e270000, 0x0000019265530000]
CodeHeap 'profiled nmethods': size=120000Kb used=5219Kb max_used=5219Kb free=114780Kb
 bounds [0x0000019256ad0000, 0x0000019256ff0000, 0x000001925e000000]
CodeHeap 'non-nmethods': size=5760Kb used=1389Kb max_used=1422Kb free=4370Kb
 bounds [0x0000019256530000, 0x00000192567a0000, 0x0000019256ad0000]
 total_blobs=3946 nmethods=2591 adapters=735
 compilation: enabled
              stopped_count=0, restarted_count=0
 full_count=0

Compilation events (10 events):
Event: 2.653 Thread 0x0000019271a8a800 2587       1       com.sun.javafx.sg.prism.NGNode::getOpacity (5 bytes)
Event: 2.653 Thread 0x0000019271a8a800 nmethod 2587 0x000001925e133990 code [0x000001925e133b40, 0x000001925e133c78]
Event: 2.653 Thread 0x0000019271a8a800 2588       3       com.sun.javafx.sg.prism.NGRegion::roundUp (20 bytes)
Event: 2.653 Thread 0x0000019271a8a800 nmethod 2588 0x0000019256fe7e10 code [0x0000019256fe8000, 0x0000019256fe8278]
Event: 2.653 Thread 0x0000019271a8a800 2589       3       com.sun.prism.impl.BaseGraphics::validateTransformAndPaint (71 bytes)
Event: 2.654 Thread 0x0000019271a8a800 nmethod 2589 0x0000019256fe8310 code [0x0000019256fe8500, 0x0000019256fe8b30]
Event: 2.654 Thread 0x0000019271a8a800 2590       1       com.sun.prism.impl.BaseGraphics::setState3D (6 bytes)
Event: 2.654 Thread 0x0000019271a8a800 nmethod 2590 0x000001925e133d10 code [0x000001925e133ec0, 0x000001925e133ff8]
Event: 2.654 Thread 0x0000019271a8a800 2591       1       com.sun.prism.impl.BaseGraphics::hasPreCullingBits (5 bytes)
Event: 2.654 Thread 0x0000019271a8a800 nmethod 2591 0x000001925e134090 code [0x000001925e134240, 0x000001925e134378]

GC Heap History (2 events):
Event: 0.692 GC heap before
{Heap before GC invocations=0 (full 0):
 garbage-first heap   total 260096K, used 23552K [0x0000000702800000, 0x0000000800000000)
  region size 1024K, 24 young (24576K), 0 survivors (0K)
 Metaspace       used 7700K, capacity 9097K, committed 9344K, reserved 1056768K
  class space    used 902K, capacity 1103K, committed 1152K, reserved 1048576K
}
Event: 0.695 GC heap after
{Heap after GC invocations=1 (full 0):
 garbage-first heap   total 260096K, used 4550K [0x0000000702800000, 0x0000000800000000)
  region size 1024K, 3 young (3072K), 3 survivors (3072K)
 Metaspace       used 7700K, capacity 9097K, committed 9344K, reserved 1056768K
  class space    used 902K, capacity 1103K, committed 1152K, reserved 1048576K
}

Deoptimization events (10 events):
Event: 1.541 Thread 0x000001927301a000 Uncommon trap: reason=unstable_if action=reinterpret pc=0x000001925e030bd8 method=java.lang.String.indexOf(II)I @ 4 c2
Event: 1.665 Thread 0x0000019272c38800 Uncommon trap: reason=unstable_if action=reinterpret pc=0x000001925e0e38b0 method=java.util.Arrays.equals([Ljava/lang/Object;[Ljava/lang/Object;)Z @ 23 c2
Event: 2.091 Thread 0x000001927301a000 Uncommon trap: reason=bimorphic_or_optimized_type_check action=maybe_recompile pc=0x000001925e06e714 method=java.io.DataInputStream.readFully([BII)V @ 34 c2
Event: 2.093 Thread 0x000001927301a000 Uncommon trap: reason=unstable_if action=reinterpret pc=0x000001925e08a498 method=com.sun.javafx.image.impl.ByteBgra$ToByteBgraPreConv.doConvert([BII[BIIII)V @ 31 c2
Event: 2.100 Thread 0x000001927301a000 Uncommon trap: reason=unstable_if action=reinterpret pc=0x000001925e09e54c method=javafx.css.CssLexer.getToken()Lcom/sun/javafx/css/parser/Token; @ 205 c2
Event: 2.252 Thread 0x000001927301a000 Uncommon trap: reason=array_check action=maybe_recompile pc=0x000001925e1114b0 method=javafx.css.SimpleSelector.applies(Ljavafx/css/Styleable;[Ljava/util/Set;I)Z @ 37 c2
Event: 2.252 Thread 0x000001927301a000 Uncommon trap: reason=array_check action=maybe_recompile pc=0x000001925e1114b0 method=javafx.css.SimpleSelector.applies(Ljavafx/css/Styleable;[Ljava/util/Set;I)Z @ 37 c2
Event: 2.252 Thread 0x000001927301a000 Uncommon trap: reason=array_check action=maybe_recompile pc=0x000001925e1114b0 method=javafx.css.SimpleSelector.applies(Ljavafx/css/Styleable;[Ljava/util/Set;I)Z @ 37 c2
Event: 2.252 Thread 0x000001927301a000 Uncommon trap: reason=array_check action=maybe_recompile pc=0x000001925e1114b0 method=javafx.css.SimpleSelector.applies(Ljavafx/css/Styleable;[Ljava/util/Set;I)Z @ 37 c2
Event: 2.650 Thread 0x000001927301a000 Uncommon trap: reason=unstable_if action=reinterpret pc=0x000001925e02ab6c method=java.lang.AbstractStringBuilder.append(Ljava/lang/String;)Ljava/lang/AbstractStringBuilder; @ 1 c2

Classes redefined (0 events):
No events

Internal exceptions (10 events):
Event: 1.656 Thread 0x000001927301a000 Exception <a 'java/lang/NoSuchMethodError'{0x00000007101a6fd8}: java.lang.invoke.DirectMethodHandle$Holder.invokeStaticInit(Ljava/lang/Object;Ljava/lang/Object;Ljava/lang/Object;)J> (0x00000007101a6fd8) thrown at [t:/workspace/open/src/hotspot/share/inter
Event: 1.657 Thread 0x000001927301a000 Exception <a 'java/lang/NoSuchMethodError'{0x00000007101bb360}: java.lang.invoke.Invokers$Holder.linkToTargetMethod(Ljava/lang/Object;JLjava/lang/Object;)Ljava/lang/Object;> (0x00000007101bb360) thrown at [t:/workspace/open/src/hotspot/share/interpreter/l
Event: 1.784 Thread 0x000001924e12c000 Exception <a 'java/lang/NoSuchMethodError'{0x000000071022ff08}: javafx.stage.Window.impl_getWindows()Ljava/util/Iterator;> (0x000000071022ff08) thrown at [t:/workspace/open/src/hotspot/share/interpreter/linkResolver.cpp, line 777]
Event: 1.784 Thread 0x000001924e12c000 Exception <a 'java/lang/reflect/InvocationTargetException'{0x0000000710230480}> (0x0000000710230480) thrown at [t:/workspace/open/src/hotspot/share/runtime/reflection.cpp, line 1183]
Event: 2.091 Thread 0x000001927301a000 Exception <a 'java/io/FileNotFoundException'{0x000000070fda85a8}> (0x000000070fda85a8) thrown at [t:/workspace/open/src/hotspot/share/prims/jni.cpp, line 615]
Event: 2.099 Thread 0x000001927301a000 Exception <a 'java/io/FileNotFoundException'{0x000000070fdd9ea0}> (0x000000070fdd9ea0) thrown at [t:/workspace/open/src/hotspot/share/prims/jni.cpp, line 615]
Event: 2.641 Thread 0x0000019274115800 JVM_StopThread thread JavaThread 0x000001927301a000 as oop 0x0000000710d10fc8 [exception 0x00000001266ff408]
Event: 2.650 Thread 0x000001927301a000 Implicit null exception at 0x000001925e02a624 to 0x000001925e02ab52
Event: 2.650 Thread 0x000001927301a000 Exception <a 'java/lang/NoSuchMethodError'{0x000000070f9a7020}: getInstance> (0x000000070f9a7020) thrown at [t:/workspace/open/src/hotspot/share/prims/jni.cpp, line 1331]
Event: 2.651 Thread 0x000001924e12c000 Exception <a 'java/lang/reflect/InvocationTargetException'{0x000000070f8a7458}> (0x000000070f8a7458) thrown at [t:/workspace/open/src/hotspot/share/runtime/reflection.cpp, line 1183]

Events (10 events):
Event: 2.652 loading class com/sun/glass/ui/win/WinSystemClipboard
Event: 2.652 loading class com/sun/glass/ui/win/WinSystemClipboard done
Event: 2.652 loading class com/sun/glass/ui/SystemClipboard
Event: 2.652 loading class com/sun/glass/ui/SystemClipboard done
Event: 2.653 loading class com/sun/glass/ui/Clipboard
Event: 2.653 loading class com/sun/glass/ui/Clipboard done
Event: 2.653 loading class java/io/UnsupportedEncodingException
Event: 2.654 loading class java/io/UnsupportedEncodingException done
Event: 2.654 loading class com/sun/glass/ui/win/WinClipboardDelegate
Event: 2.654 loading class com/sun/glass/ui/win/WinClipboardDelegate done


Dynamic libraries:
0x00007ff78fdf0000 - 0x00007ff78fdff000 	C:\Program Files\Java\jdk-12.0.1\bin\java.exe
0x00007ffa2f420000 - 0x00007ffa2f610000 	C:\WINDOWS\SYSTEM32\ntdll.dll
0x00007ffa2e000000 - 0x00007ffa2e0b2000 	C:\WINDOWS\System32\KERNEL32.DLL
0x00007ffa2d190000 - 0x00007ffa2d435000 	C:\WINDOWS\System32\KERNELBASE.dll
0x00007ffa2cdd0000 - 0x00007ffa2ceca000 	C:\WINDOWS\System32\ucrtbase.dll
0x00007ffa17440000 - 0x00007ffa17458000 	C:\Program Files\Java\jdk-12.0.1\bin\jli.dll
0x00007ffa173c0000 - 0x00007ffa173d6000 	C:\Program Files\Java\jdk-12.0.1\bin\VCRUNTIME140.dll
0x00007ffa2f290000 - 0x00007ffa2f333000 	C:\WINDOWS\System32\ADVAPI32.dll
0x00007ffa2f1f0000 - 0x00007ffa2f28e000 	C:\WINDOWS\System32\msvcrt.dll
0x00007ffa2ed50000 - 0x00007ffa2ede7000 	C:\WINDOWS\System32\sechost.dll
0x00007ffa2e9c0000 - 0x00007ffa2eae0000 	C:\WINDOWS\System32\RPCRT4.dll
0x00007ffa2eae0000 - 0x00007ffa2ec75000 	C:\WINDOWS\System32\USER32.dll
0x00007ffa2d0c0000 - 0x00007ffa2d0e1000 	C:\WINDOWS\System32\win32u.dll
0x00007ffa2df70000 - 0x00007ffa2df96000 	C:\WINDOWS\System32\GDI32.dll
0x00007ffa2cf20000 - 0x00007ffa2d0b6000 	C:\WINDOWS\System32\gdi32full.dll
0x00007ffa112f0000 - 0x00007ffa11574000 	C:\WINDOWS\WinSxS\amd64_microsoft.windows.common-controls_6595b64144ccf1df_6.0.18362.1082_none_9e8193e1e45b25c1\COMCTL32.dll
0x00007ffa2d0f0000 - 0x00007ffa2d18e000 	C:\WINDOWS\System32\msvcp_win.dll
0x00007ffa2eeb0000 - 0x00007ffa2f1e5000 	C:\WINDOWS\System32\combase.dll
0x00007ffa2cca0000 - 0x00007ffa2cd20000 	C:\WINDOWS\System32\bcryptPrimitives.dll
0x00007ffa24a10000 - 0x00007ffa24a1a000 	C:\WINDOWS\SYSTEM32\VERSION.dll
0x00007ffa2ee00000 - 0x00007ffa2ee2e000 	C:\WINDOWS\System32\IMM32.DLL
0x00007ff9fe430000 - 0x00007ff9fe4da000 	C:\Program Files\Java\jdk-12.0.1\bin\msvcp140.dll
0x00007ff9cbb10000 - 0x00007ff9cc684000 	C:\Program Files\Java\jdk-12.0.1\bin\server\jvm.dll
0x00007ffa2daf0000 - 0x00007ffa2daf8000 	C:\WINDOWS\System32\PSAPI.DLL
0x00007ffa15570000 - 0x00007ffa15579000 	C:\WINDOWS\SYSTEM32\WSOCK32.dll
0x00007ffa28ec0000 - 0x00007ffa28ee4000 	C:\WINDOWS\SYSTEM32\WINMM.dll
0x00007ffa2d760000 - 0x00007ffa2d7cf000 	C:\WINDOWS\System32\WS2_32.dll
0x00007ffa28d30000 - 0x00007ffa28d5d000 	C:\WINDOWS\SYSTEM32\WINMMBASE.dll
0x00007ffa2ced0000 - 0x00007ffa2cf1a000 	C:\WINDOWS\System32\cfgmgr32.dll
0x00007ffa2c2f0000 - 0x00007ffa2c301000 	C:\WINDOWS\System32\kernel.appcore.dll
0x00007ffa13130000 - 0x00007ffa13141000 	C:\Program Files\Java\jdk-12.0.1\bin\verify.dll
0x00007ffa2ab70000 - 0x00007ffa2ad64000 	C:\WINDOWS\SYSTEM32\DBGHELP.DLL
0x00007ffa134e0000 - 0x00007ffa1350a000 	C:\WINDOWS\SYSTEM32\dbgcore.DLL
0x00007ffa0f830000 - 0x00007ffa0f856000 	C:\Program Files\Java\jdk-12.0.1\bin\java.dll
0x00007ffa25700000 - 0x00007ffa2570e000 	C:\Program Files\Java\jdk-12.0.1\bin\instrument.dll
0x00007ffa13110000 - 0x00007ffa13127000 	C:\Program Files\Java\jdk-12.0.1\bin\zip.dll
0x00007ffa21c80000 - 0x00007ffa21c8a000 	C:\Program Files\Java\jdk-12.0.1\bin\jimage.dll
0x00007ffa2e120000 - 0x00007ffa2e807000 	C:\WINDOWS\System32\SHELL32.dll
0x00007ffa2d5a0000 - 0x00007ffa2d649000 	C:\WINDOWS\System32\shcore.dll
0x00007ffa2c3d0000 - 0x00007ffa2cb50000 	C:\WINDOWS\System32\windows.storage.dll
0x00007ffa2c310000 - 0x00007ffa2c333000 	C:\WINDOWS\System32\profapi.dll
0x00007ffa2c340000 - 0x00007ffa2c38a000 	C:\WINDOWS\System32\powrprof.dll
0x00007ffa2c2e0000 - 0x00007ffa2c2f0000 	C:\WINDOWS\System32\UMPDC.dll
0x00007ffa2d650000 - 0x00007ffa2d6a2000 	C:\WINDOWS\System32\shlwapi.dll
0x00007ffa2c3b0000 - 0x00007ffa2c3c7000 	C:\WINDOWS\System32\cryptsp.dll
0x00007ffa0d5d0000 - 0x00007ffa0d5e9000 	C:\Program Files\Java\jdk-12.0.1\bin\net.dll
0x00007ffa26060000 - 0x00007ffa26150000 	C:\WINDOWS\SYSTEM32\WINHTTP.dll
0x00007ffa1af60000 - 0x00007ffa1b136000 	C:\WINDOWS\SYSTEM32\urlmon.dll
0x00007ffa1b760000 - 0x00007ffa1ba06000 	C:\WINDOWS\SYSTEM32\iertutil.dll
0x00007ffa2bd00000 - 0x00007ffa2bd0c000 	C:\WINDOWS\SYSTEM32\CRYPTBASE.DLL
0x00007ffa2bb30000 - 0x00007ffa2bb97000 	C:\WINDOWS\system32\mswsock.dll
0x00007ffa0c8f0000 - 0x00007ffa0c903000 	C:\Program Files\Java\jdk-12.0.1\bin\nio.dll
0x00007ffa17700000 - 0x00007ffa1771a000 	C:\Program Files\JetBrains\IntelliJ IDEA Community Edition 2019.1.3\bin\breakgen64.dll
0x000001924e070000 - 0x000001924e073000 	C:\Program Files\JavaFX\javafx-sdk-12.0.2\bin\api-ms-win-core-console-l1-1-0.dll
0x000001924e080000 - 0x000001924e083000 	C:\Program Files\JavaFX\javafx-sdk-12.0.2\bin\api-ms-win-core-datetime-l1-1-0.dll
0x000001924e090000 - 0x000001924e093000 	C:\Program Files\JavaFX\javafx-sdk-12.0.2\bin\api-ms-win-core-debug-l1-1-0.dll
0x000001924e0a0000 - 0x000001924e0a3000 	C:\Program Files\JavaFX\javafx-sdk-12.0.2\bin\api-ms-win-core-errorhandling-l1-1-0.dll
0x000001924e0b0000 - 0x000001924e0b4000 	C:\Program Files\JavaFX\javafx-sdk-12.0.2\bin\api-ms-win-core-file-l1-1-0.dll
0x000001924e0c0000 - 0x000001924e0c3000 	C:\Program Files\JavaFX\javafx-sdk-12.0.2\bin\api-ms-win-core-file-l1-2-0.dll
0x000001924e0d0000 - 0x000001924e0d3000 	C:\Program Files\JavaFX\javafx-sdk-12.0.2\bin\api-ms-win-core-file-l2-1-0.dll
0x000001924e0e0000 - 0x000001924e0e3000 	C:\Program Files\JavaFX\javafx-sdk-12.0.2\bin\api-ms-win-core-handle-l1-1-0.dll
0x000001924e0f0000 - 0x000001924e0f3000 	C:\Program Files\JavaFX\javafx-sdk-12.0.2\bin\api-ms-win-core-heap-l1-1-0.dll
0x00000192730d0000 - 0x00000192730d3000 	C:\Program Files\JavaFX\javafx-sdk-12.0.2\bin\api-ms-win-core-interlocked-l1-1-0.dll
0x00000192730e0000 - 0x00000192730e3000 	C:\Program Files\JavaFX\javafx-sdk-12.0.2\bin\api-ms-win-core-libraryloader-l1-1-0.dll
0x00000192730f0000 - 0x00000192730f3000 	C:\Program Files\JavaFX\javafx-sdk-12.0.2\bin\api-ms-win-core-localization-l1-2-0.dll
0x0000019273100000 - 0x0000019273103000 	C:\Program Files\JavaFX\javafx-sdk-12.0.2\bin\api-ms-win-core-memory-l1-1-0.dll
0x0000019273110000 - 0x0000019273113000 	C:\Program Files\JavaFX\javafx-sdk-12.0.2\bin\api-ms-win-core-namedpipe-l1-1-0.dll
0x0000019273120000 - 0x0000019273123000 	C:\Program Files\JavaFX\javafx-sdk-12.0.2\bin\api-ms-win-core-processenvironment-l1-1-0.dll
0x0000019273130000 - 0x0000019273133000 	C:\Program Files\JavaFX\javafx-sdk-12.0.2\bin\api-ms-win-core-processthreads-l1-1-0.dll
0x0000019273140000 - 0x0000019273143000 	C:\Program Files\JavaFX\javafx-sdk-12.0.2\bin\api-ms-win-core-processthreads-l1-1-1.dll
0x0000019273150000 - 0x0000019273153000 	C:\Program Files\JavaFX\javafx-sdk-12.0.2\bin\api-ms-win-core-profile-l1-1-0.dll
0x0000019273160000 - 0x0000019273163000 	C:\Program Files\JavaFX\javafx-sdk-12.0.2\bin\api-ms-win-core-rtlsupport-l1-1-0.dll
0x0000019273170000 - 0x0000019273173000 	C:\Program Files\JavaFX\javafx-sdk-12.0.2\bin\api-ms-win-core-string-l1-1-0.dll
0x0000019273180000 - 0x0000019273183000 	C:\Program Files\JavaFX\javafx-sdk-12.0.2\bin\api-ms-win-core-synch-l1-1-0.dll
0x0000019273190000 - 0x0000019273193000 	C:\Program Files\JavaFX\javafx-sdk-12.0.2\bin\api-ms-win-core-synch-l1-2-0.dll
0x00000192731a0000 - 0x00000192731a3000 	C:\Program Files\JavaFX\javafx-sdk-12.0.2\bin\api-ms-win-core-sysinfo-l1-1-0.dll
0x00000192731b0000 - 0x00000192731b3000 	C:\Program Files\JavaFX\javafx-sdk-12.0.2\bin\api-ms-win-core-timezone-l1-1-0.dll
0x00000192731c0000 - 0x00000192731c3000 	C:\Program Files\JavaFX\javafx-sdk-12.0.2\bin\api-ms-win-core-util-l1-1-0.dll
0x00000192731d0000 - 0x00000192731d3000 	C:\Program Files\JavaFX\javafx-sdk-12.0.2\bin\api-ms-win-crt-conio-l1-1-0.dll
0x00000192731e0000 - 0x00000192731e4000 	C:\Program Files\JavaFX\javafx-sdk-12.0.2\bin\api-ms-win-crt-convert-l1-1-0.dll
0x00000192731f0000 - 0x00000192731f3000 	C:\Program Files\JavaFX\javafx-sdk-12.0.2\bin\api-ms-win-crt-environment-l1-1-0.dll
0x0000019273200000 - 0x0000019273203000 	C:\Program Files\JavaFX\javafx-sdk-12.0.2\bin\api-ms-win-crt-filesystem-l1-1-0.dll
0x0000019273210000 - 0x0000019273213000 	C:\Program Files\JavaFX\javafx-sdk-12.0.2\bin\api-ms-win-crt-heap-l1-1-0.dll
0x0000019273220000 - 0x0000019273223000 	C:\Program Files\JavaFX\javafx-sdk-12.0.2\bin\api-ms-win-crt-locale-l1-1-0.dll
0x0000019273230000 - 0x0000019273235000 	C:\Program Files\JavaFX\javafx-sdk-12.0.2\bin\api-ms-win-crt-math-l1-1-0.dll
0x0000019273240000 - 0x0000019273245000 	C:\Program Files\JavaFX\javafx-sdk-12.0.2\bin\api-ms-win-crt-multibyte-l1-1-0.dll
0x0000019273250000 - 0x0000019273260000 	C:\Program Files\JavaFX\javafx-sdk-12.0.2\bin\api-ms-win-crt-private-l1-1-0.dll
0x0000019273260000 - 0x0000019273263000 	C:\Program Files\JavaFX\javafx-sdk-12.0.2\bin\api-ms-win-crt-process-l1-1-0.dll
0x0000019273270000 - 0x0000019273274000 	C:\Program Files\JavaFX\javafx-sdk-12.0.2\bin\api-ms-win-crt-runtime-l1-1-0.dll
0x0000019273280000 - 0x0000019273284000 	C:\Program Files\JavaFX\javafx-sdk-12.0.2\bin\api-ms-win-crt-stdio-l1-1-0.dll
0x0000019273290000 - 0x0000019273294000 	C:\Program Files\JavaFX\javafx-sdk-12.0.2\bin\api-ms-win-crt-string-l1-1-0.dll
0x00000192732a0000 - 0x00000192732a3000 	C:\Program Files\JavaFX\javafx-sdk-12.0.2\bin\api-ms-win-crt-time-l1-1-0.dll
0x00000192732b0000 - 0x00000192732b3000 	C:\Program Files\JavaFX\javafx-sdk-12.0.2\bin\api-ms-win-crt-utility-l1-1-0.dll
0x00007ff9fc2a0000 - 0x00007ff9fc39a000 	C:\Program Files\JavaFX\javafx-sdk-12.0.2\bin\ucrtbase.dll
0x00007ffa0b970000 - 0x00007ffa0b985000 	C:\Program Files\JavaFX\javafx-sdk-12.0.2\bin\vcruntime140.dll
0x00007ff9fdf90000 - 0x00007ff9fe02b000 	C:\Program Files\JavaFX\javafx-sdk-12.0.2\bin\msvcp140.dll
0x00007ff9fc660000 - 0x00007ff9fc6b1000 	C:\Program Files\JavaFX\javafx-sdk-12.0.2\bin\concrt140.dll
0x00007ffa07470000 - 0x00007ffa07493000 	C:\Program Files\JavaFX\javafx-sdk-12.0.2\bin\prism_d3d.dll
0x00007ff9ec4e0000 - 0x00007ff9ec6a7000 	C:\WINDOWS\system32\d3d9.dll
0x00007ffa2a600000 - 0x00007ffa2a62d000 	C:\WINDOWS\SYSTEM32\dwmapi.dll
0x00007ffa2af30000 - 0x00007ffa2af50000 	C:\WINDOWS\SYSTEM32\dxcore.dll
0x00007ffa29be0000 - 0x00007ffa29c79000 	C:\WINDOWS\system32\uxtheme.dll
0x00007ff9ea180000 - 0x00007ff9ea340000 	C:\WINDOWS\System32\DriverStore\FileRepository\igdlh64.inf_amd64_3a5ee891ed2d147b\igdumdim64.dll
0x00007ffa20460000 - 0x00007ffa205b2000 	C:\WINDOWS\System32\DriverStore\FileRepository\igdlh64.inf_amd64_3a5ee891ed2d147b\igdgmm64.dll
0x00007ffa02750000 - 0x00007ffa02795000 	C:\Program Files\JavaFX\javafx-sdk-12.0.2\bin\glass.dll
0x00007ffa2d4d0000 - 0x00007ffa2d5a0000 	C:\WINDOWS\System32\COMDLG32.dll
0x00007ffa2d7d0000 - 0x00007ffa2d927000 	C:\WINDOWS\System32\ole32.dll
0x00007ffa2ec80000 - 0x00007ffa2ed45000 	C:\WINDOWS\System32\OLEAUT32.dll
0x00007ffa2d9b0000 - 0x00007ffa2dae5000 	C:\WINDOWS\System32\MSCTF.dll
0x00007ff9c7f30000 - 0x00007ff9cbb0b000 	C:\WINDOWS\System32\DriverStore\FileRepository\igdlh64.inf_amd64_3a5ee891ed2d147b\igd9dxva64.dll
0x00007ff9ed220000 - 0x00007ff9ed242000 	C:\WINDOWS\System32\DriverStore\FileRepository\igdlh64.inf_amd64_3a5ee891ed2d147b\igdinfo64.dll
0x00007ffa1e100000 - 0x00007ffa20456000 	C:\WINDOWS\System32\DriverStore\FileRepository\igdlh64.inf_amd64_3a5ee891ed2d147b\igc64.dll
0x00007ffa01110000 - 0x00007ffa01124000 	C:\Program Files\JavaFX\javafx-sdk-12.0.2\bin\javafx_font.dll
0x00007ffa1a980000 - 0x00007ffa1ac7e000 	C:\WINDOWS\SYSTEM32\dwrite.dll
0x00007ffa2d6b0000 - 0x00007ffa2d752000 	C:\WINDOWS\System32\clbcatq.dll
0x00007ffa23fa0000 - 0x00007ffa2414f000 	C:\WINDOWS\SYSTEM32\WindowsCodecs.dll
0x00007ffa0b650000 - 0x00007ffa0b68a000 	C:\WINDOWS\system32\dataexchange.dll
0x00007ffa27b20000 - 0x00007ffa27d7b000 	C:\WINDOWS\system32\d3d11.dll
0x00007ffa281e0000 - 0x00007ffa283bd000 	C:\WINDOWS\system32\dcomp.dll
0x00007ffa2afc0000 - 0x00007ffa2b0ab000 	C:\WINDOWS\system32\dxgi.dll
0x00007ffa2a2a0000 - 0x00007ffa2a502000 	C:\WINDOWS\system32\twinapi.appcore.dll
0x00007ffa2a7c0000 - 0x00007ffa2a7e9000 	C:\WINDOWS\system32\RMCLIENT.dll
0x00007ffa00e80000 - 0x00007ffa00eb3000 	C:\Program Files\Common Files\Microsoft Shared\Ink\rtscom.dll
0x00007ffa1cd10000 - 0x00007ffa1cdae000 	C:\WINDOWS\System32\TextInputFramework.dll
0x00007ffa24e40000 - 0x00007ffa2516a000 	C:\WINDOWS\System32\CoreUIComponents.dll
0x00007ffa2b320000 - 0x00007ffa2b351000 	C:\WINDOWS\SYSTEM32\ntmarta.dll
0x00007ffa28d60000 - 0x00007ffa28eb3000 	C:\WINDOWS\SYSTEM32\wintypes.dll
0x00007ffa28c50000 - 0x00007ffa28d24000 	C:\WINDOWS\System32\CoreMessaging.dll

dbghelp: loaded successfully - version: 4.0.5 - missing functions: none
symbol engine: initialized successfully - sym options: 0x614 - pdb path: .;C:\Program Files\Java\jdk-12.0.1\bin;C:\WINDOWS\SYSTEM32;C:\WINDOWS\WinSxS\amd64_microsoft.windows.common-controls_6595b64144ccf1df_6.0.18362.1082_none_9e8193e1e45b25c1;C:\Program Files\Java\jdk-12.0.1\bin\server;C:\Program Files\JetBrains\IntelliJ IDEA Community Edition 2019.1.3\bin;C:\Program Files\JavaFX\javafx-sdk-12.0.2\bin;C:\WINDOWS\System32\DriverStore\FileRepository\igdlh64.inf_amd64_3a5ee891ed2d147b;C:\Program Files\Common Files\Microsoft Shared\Ink

VM Arguments:
jvm_args: -ea -Didea.test.cyclic.buffer.size=1048576 -javaagent:C:\Program Files\JetBrains\IntelliJ IDEA Community Edition 2019.1.3\lib\idea_rt.jar=51888:C:\Program Files\JetBrains\IntelliJ IDEA Community Edition 2019.1.3\bin -Dfile.encoding=UTF-8 
java_command: com.intellij.rt.execution.junit.JUnitStarter -ideVersion5 -junit4 MainTest
java_class_path (initial): C:\Program Files\JetBrains\IntelliJ IDEA Community Edition 2019.1.3\lib\idea_rt.jar;C:\Program Files\JetBrains\IntelliJ IDEA Community Edition 2019.1.3\plugins\junit\lib\junit-rt.jar;C:\Program Files\JetBrains\IntelliJ IDEA Community Edition 2019.1.3\plugins\junit\lib\junit5-rt.jar;C:\Users\Owner\OneDrive\Fall2020\introToSE\Group-10\out\test\Group-10;C:\Users\Owner\OneDrive\Fall2020\introToSE\Group-10\out\production\Group-10;C:\Users\Owner\OneDrive\Fall2020\introToSE\Group-10\src\Jars\activation.jar;C:\Users\Owner\OneDrive\Fall2020\introToSE\Group-10\src\Jars\json-simple-1.1.1.jar;C:\Users\Owner\OneDrive\Fall2020\introToSE\Group-10\src\Jars\javax.mail.jar;C:\Program Files\JavaFX\javafx-sdk-12.0.2\lib\javafx.web.jar;C:\Program Files\JavaFX\javafx-sdk-12.0.2\lib\javafx.swing.jar;C:\Program Files\JavaFX\javafx-sdk-12.0.2\lib\javafx.media.jar;C:\Program Files\JavaFX\javafx-sdk-12.0.2\lib\javafx.graphics.jar;C:\Program Files\JavaFX\javafx-sdk-12.0.2\lib\javafx.fxml.jar;C:\Program Files\JavaFX\javafx-sdk-12.0.2\lib\javafx.controls.jar;C:\Program Files\JavaFX\javafx-sdk-12.0.2\lib\javafx.base.jar;C:\Program Files\JavaFX\javafx-sdk-12.0.2\lib\javafx-swt.jar;C:\Users\Owner\.m2\repository\org\testfx\testfx-junit\4.0.15-alpha\testfx-junit-4.0.15-alpha.jar;C:\Users\Owner\.m2\repository\org\testfx\testfx-core\4.0.15-alpha\testfx-core-4.0.15-alpha.jar;C:\Users\Owner\.m2\repository\org\hamcrest\hamcrest-core\1.3\hamcrest-core-1.3.jar;C:\Users\Owner\.m2\repository\org\assertj\assertj-core\3.11.1\assertj-core-3.11.1.jar;C:\Users\Owner\.m2\repository\junit\junit\4.12\junit-4.12.jar;C:\Users\Owner\.m2\repository\org\hamcrest\hamcrest-junit\2.0.0.0\hamcrest-junit-2.0.0.0.jar;C:\Users\Owner\.m2\repository\org\hamcrest\java-hamcrest\2.0.0.0\java-hamcrest-2.0.0.0.jar;C:\Users\Owner\.m2\repository\junit\junit\4.13.1\junit-4.13.1.jar;C:\Users\Owner\.m2\repository\org\loadui\testFx\3.1.2\testFx-3.1.2.jar;C:\Users\Owner\.m2\repository\com\google\guava\guava\14.0.1
Launcher Type: SUN_STANDARD

[Global flags]
     intx CICompilerCount                          = 4                                         {product} {ergonomic}
     uint ConcGCThreads                            = 2                                         {product} {ergonomic}
     uint G1ConcRefinementThreads                  = 8                                         {product} {ergonomic}
   size_t G1HeapRegionSize                         = 1048576                                   {product} {ergonomic}
    uintx GCDrainStackTargetSize                   = 64                                        {product} {ergonomic}
   size_t InitialHeapSize                          = 266338304                                 {product} {ergonomic}
   size_t MarkStackSize                            = 4194304                                   {product} {ergonomic}
   size_t MaxHeapSize                              = 4253024256                                {product} {ergonomic}
   size_t MaxNewSize                               = 2551185408                                {product} {ergonomic}
   size_t MinHeapDeltaBytes                        = 1048576                                   {product} {ergonomic}
    uintx NonNMethodCodeHeapSize                   = 5836300                                {pd product} {ergonomic}
    uintx NonProfiledCodeHeapSize                  = 122910970                              {pd product} {ergonomic}
    uintx ProfiledCodeHeapSize                     = 122910970                              {pd product} {ergonomic}
    uintx ReservedCodeCacheSize                    = 251658240                              {pd product} {ergonomic}
     bool SegmentedCodeCache                       = true                                      {product} {ergonomic}
     bool UseCompressedClassPointers               = true                                 {lp64_product} {ergonomic}
     bool UseCompressedOops                        = true                                 {lp64_product} {ergonomic}
     bool UseG1GC                                  = true                                      {product} {ergonomic}
     bool UseLargePagesIndividualAllocation        = false                                  {pd product} {ergonomic}

Logging:
Log output configuration:
 #0: stdout all=warning uptime,level,tags
 #1: stderr all=off uptime,level,tags

Environment Variables:
JAVA_HOME=C:\Program Files\Java\jdk-12.0.1\bin\server\jvm.dll
CLASSPATH=C:\Program Files\apache-ant-1.9.15\lib\ant-junit4.jar;C:\Program Files\apache-ant-1.9.15\lib\ant-junit.jar;C:\Program Files\junit4\junit-4.13.1.jar;C:\Program Files\apache-ant-1.9.15\lib\ant-*.jar;
PATH=C:\WINDOWS\system32;C:\WINDOWS;C:\WINDOWS\System32\Wbem;C:\WINDOWS\System32\WindowsPowerShell\v1.0\;C:\WINDOWS\System32\OpenSSH\;C:\Program Files\dotnet\;C:\Program Files (x86)\Wolfram Research\WolframScript\;C:\Users\Owner\OneDrive\Python\Scripts;C:\Users\Owner\OneDrive\Python\Scripts;C:\Program Files\Git\cmd;C:\Program Files\Java\jdk-12.0.1\bin;C:\Program Files\JetBrains\IntelliJ IDEA Community Edition 2019.1.3\bin;C:\Users\Owner\AppData\Local\Microsoft\WindowsApps;C:\intelFPGA_lite\17.1\modelsim_ase\win32aloem;C:\Users\Owner\AppData\Local\GitHubDesktop\bin;C:\Program Files\JetBrains\PyCharm Community Edition 2020.2.1\bin;;C:\Program Files\apache-ant-1.9.15\bin;C:\Program Files\junit5-r5.7.0\junit.jar;
USERNAME=Owner
OS=Windows_NT
PROCESSOR_IDENTIFIER=Intel64 Family 6 Model 142 Stepping 10, GenuineIntel



---------------  S Y S T E M  ---------------

OS: Windows 10 , 64 bit Build 18362 (10.0.18362.1082)

CPU:total 8 (initial active 8) (4 cores per cpu, 2 threads per core) family 6 model 142 stepping 10, cmov, cx8, fxsr, mmx, sse, sse2, sse3, ssse3, sse4.1, sse4.2, popcnt, avx, avx2, aes, clmul, erms, 3dnowpref, lzcnt, ht, tsc, tscinvbit, bmi1, bmi2, adx, fma

Memory: 4k page, system-wide physical 16218M (8402M free)
TotalPageFile size 18650M (AvailPageFile size 7217M)
current process WorkingSet (physical memory assigned to process): 200M, peak: 202M
current process commit charge ("private bytes"): 447M, peak: 452M

vm_info: Java HotSpot(TM) 64-Bit Server VM (12.0.1+12) for windows-amd64 JRE (12.0.1+12), built on Apr  2 2019 14:02:19 by "mach5one" with MS VC++ 15.5 (VS2017)

END.
